<?xml version="1.0" encoding="UTF-8"?>
<!-- Generated by org.testng.reporters.JUnitReportReporter -->
<testsuite skipped="0" hostname="DESKTOP-PCG3QI7" name="com.w2a.Testcases.AddCustomerTest" tests="1" failures="0" timestamp="09 Dec 2018 11:50:49 GMT" time="7.231" errors="0">
  <testcase name="AddCustomerTest" time="7.231" classname="com.w2a.Testcases.AddCustomerTest"/>
</testsuite> <!-- com.w2a.Testcases.AddCustomerTest -->
