<?xml version="1.0" encoding="UTF-8"?>
<!-- Generated by org.testng.reporters.JUnitReportReporter -->
<testsuite skipped="0" hostname="DESKTOP-PCG3QI7" name="com.w2a.Testcases.OpenAccountTest" tests="1" failures="0" timestamp="01 Jan 2019 12:37:37 GMT" time="4.900" errors="0">
  <testcase name="openAccountTest" time="4.900" classname="com.w2a.Testcases.OpenAccountTest"/>
</testsuite> <!-- com.w2a.Testcases.OpenAccountTest -->
