<?xml version="1.0" encoding="UTF-8"?>
<!-- Generated by org.testng.reporters.JUnitReportReporter -->
<testsuite skipped="1" hostname="DESKTOP-PCG3QI7" name="com.w2a.Testcases.AddCustomerTest" tests="4" failures="0" timestamp="01 Jan 2019 12:37:37 GMT" time="29.473" errors="0">
  <testcase name="addCustomerTest" time="8.576" classname="com.w2a.Testcases.AddCustomerTest"/>
  <testcase name="addCustomerTest" time="8.545" classname="com.w2a.Testcases.AddCustomerTest"/>
  <testcase name="addCustomerTest" time="0.003" classname="com.w2a.Testcases.AddCustomerTest">
    <skipped/>
  </testcase> <!-- addCustomerTest -->
  <testcase name="addCustomerTest" time="12.349" classname="com.w2a.Testcases.AddCustomerTest"/>
</testsuite> <!-- com.w2a.Testcases.AddCustomerTest -->
