<?xml version="1.0" encoding="UTF-8"?>
<!-- Generated by org.testng.reporters.JUnitReportReporter -->
<testsuite skipped="0" hostname="DESKTOP-PCG3QI7" name="com.w2a.Testcases.Login" tests="1" failures="0" timestamp="01 Jan 2019 12:37:37 GMT" time="11.751" errors="0">
  <testcase name="login" time="11.751" classname="com.w2a.Testcases.Login"/>
</testsuite> <!-- com.w2a.Testcases.Login -->
